********************************************************************************
Training appnp model...........
0 time training..........
Training early stopped. Best validation score: 0.7276
Training runtime: 29.8641.
********************************************************************************
Val ACC of appnp: 0.7351
Test ACC of appnp: 0.7139
********************************************************************************
Adversarial training appnp model by fgsm attack...........
0 time training..........
Training: early stopped.
Model saved in '../saved_models/grb-cora\appnp\final_model_at_0.pt'.
********************************************************************************
Val ACC of appnp: 0.6604
Test ACC of appnp: 0.6642
********************************************************************************
Training appnp model...........
0 time training..........
Training early stopped. Best validation score: 0.8396
Training runtime: 24.1682.
********************************************************************************
Val ACC of appnp: 0.8433
Test ACC of appnp: 0.8495
