********************************************************************************
Training gcn model...........
0 time training..........
********************************************************************************
Training gcn model...........
0 time training..........
Training early stopped. Best validation score: 0.8358
Training runtime: 13.8625.
********************************************************************************
Val ACC of gcn: 0.8545
Test ACC of gcn: 0.8545
********************************************************************************
Adversarial training gcn model by fgsm attack...........
0 time training..........
********************************************************************************
Adversarial training gcn model by fgsm attack...........
0 time training..........
Training: early stopped.
Model saved in '../saved_models/grb-cora\gcn\final_model_at_0.pt'.
********************************************************************************
Val ACC of gcn: 0.8284
Test ACC of gcn: 0.8607
********************************************************************************
Training gcn model...........
0 time training..........
Training early stopped. Best validation score: 0.8396
Training runtime: 19.9335.
********************************************************************************
Val ACC of gcn: 0.8470
Test ACC of gcn: 0.8507
